<?xml version='1.0' encoding='UTF-8'?>
<testsuite hostname="DESKTOP-N3ROL9Q" name="async.AsyncSuite" tests="11" errors="0" failures="0" skipped="0" time="1.119" timestamp="2020-08-17T01:16:50">
                     <properties>
      <property name="java.specification.version" value="14"/><property name="sun.cpu.isalist" value="amd64"/><property name="sun.jnu.encoding" value="Cp1252"/><property name="sun.arch.data.model" value="64"/><property name="java.vendor.url" value="https://java.oracle.com/"/><property name="sun.boot.library.path" value="C:\Program Files\Java\jdk-14.0.2\bin"/><property name="sun.java.command" value="xsbt.boot.Boot test"/><property name="jdk.debug" value="release"/><property name="sun.stderr.encoding" value="cp850"/><property name="java.specification.vendor" value="Oracle Corporation"/><property name="java.version.date" value="2020-07-14"/><property name="java.home" value="C:\Program Files\Java\jdk-14.0.2"/><property name="file.separator" value="\"/><property name="java.vm.compressedOopsMode" value="32-bit"/><property name="line.separator" value="
"/><property name="sun.stdout.encoding" value="cp850"/><property name="java.vm.specification.vendor" value="Oracle Corporation"/><property name="java.specification.name" value="Java Platform API Specification"/><property name="user.script" value=""/><property name="sun.management.compiler" value="HotSpot 64-Bit Tiered Compilers"/><property name="java.runtime.version" value="14.0.2+12-46"/><property name="user.name" value="lao8n"/><property name="log4j.ignoreTCL" value="true"/><property name="file.encoding" value="UTF-8"/><property name="java.io.tmpdir" value="C:\Users\lao8n\AppData\Local\Temp\"/><property name="java.version" value="14.0.2"/><property name="java.vm.specification.name" value="Java Virtual Machine Specification"/><property name="sun.os.patch.level" value=""/><property name="java.library.path" value="C:\Program Files\Java\jdk-14.0.2\bin;C:\WINDOWS\Sun\Java\bin;C:\WINDOWS\system32;C:\WINDOWS;C:\Program Files\Java\jdk-14.0.2\bin;C:\WINDOWS\system32;C:\WINDOWS;C:\WINDOWS\System32\Wbem;C:\WINDOWS\System32\WindowsPowerShell\v1.0\;C:\WINDOWS\System32\OpenSSH\;C:\Go\bin;C:\Program Files\Git\cmd;C:\Users\lao8n\OneDrive\Documents\apache-maven-3.6.3\bin;C:\Program Files\Java\jdk-14.0.2\bin;C:\Program Files (x86)\sbt\bin;C:\Program Files\Java\jdk-14.0.2\bin;C:\Users\lao8n\AppData\Local\Programs\Microsoft VS Code\bin;."/><property name="java.vendor" value="Oracle Corporation"/><property name="scala.ext.dirs" value="C:\Users\lao8n\.sbt\0.13\java9-rt-ext-oracle_corporation_14_0_2"/><property name="sun.io.unicode.encoding" value="UnicodeLittle"/><property name="java.class.path" value="C:\Program Files (x86)\sbt\\bin\sbt-launch.jar"/><property name="java.vm.vendor" value="Oracle Corporation"/><property name="user.variant" value=""/><property name="jline.shutdownhook" value="false"/><property name="user.timezone" value="Europe/London"/><property name="java.vm.specification.version" value="14"/><property name="os.name" value="Windows 10"/><property name="sun.java.launcher" value="SUN_STANDARD"/><property name="user.country" value="US"/><property name="sun.cpu.endian" value="little"/><property name="user.home" value="C:\Users\lao8n"/><property name="user.language" value="en"/><property name="swoval.tmpdir" value="C:\Users\lao8n\.sbt\1.0"/><property name="jline.esc.timeout" value="0"/><property name="path.separator" value=";"/><property name="os.version" value="10.0"/><property name="jna.nosys" value="true"/><property name="java.runtime.name" value="Java(TM) SE Runtime Environment"/><property name="java.vm.name" value="Java HotSpot(TM) 64-Bit Server VM"/><property name="java.vendor.url.bug" value="https://bugreport.java.com/bugreport/"/><property name="user.dir" value="C:\Users\lao8n\Downloads\reactive-async\async"/><property name="os.arch" value="amd64"/><property name="java.vm.info" value="mixed mode, sharing"/><property name="java.vm.version" value="14.0.2+12-46"/><property name="java.class.version" value="58.0"/>
    </properties>
                     <testcase classname="async.AsyncSuite" name="sequenceComputations should start the second computation after the first has completed (2pts)" time="0.674">
                                                 
                                               </testcase><testcase classname="async.AsyncSuite" name="transformSuccess should transform successful computations" time="0.016">
                                                 
                                               </testcase><testcase classname="async.AsyncSuite" name="transformSuccess should propagate the failure of a failed computation" time="0.001">
                                                 
                                               </testcase><testcase classname="async.AsyncSuite" name="futurize should handle successful computation results (3pts)" time="0.005">
                                                 
                                               </testcase><testcase classname="async.AsyncSuite" name="recoverFailure should recover from failed computations" time="0.004">
                                                 
                                               </testcase><testcase classname="async.AsyncSuite" name="insist should not retry successful computations (3pts)" time="0.007">
                                                 
                                               </testcase><testcase classname="async.AsyncSuite" name="futurize should handle failed computation results (3pts)" time="0.006">
                                                 
                                               </testcase><testcase classname="async.AsyncSuite" name="recoverFailure should propagate successful computations" time="0.001">
                                                 
                                               </testcase><testcase classname="async.AsyncSuite" name="sequenceComputations should not start the second computation if the first has failed (2pts)" time="0.002">
                                                 
                                               </testcase><testcase classname="async.AsyncSuite" name="insist should retry failed computations (3pts)" time="0.002">
                                                 
                                               </testcase><testcase classname="async.AsyncSuite" name="concurrentComputations should start both computations independently of each otherâ€™s completion (2pts)" time="0.401">
                                                 
                                               </testcase>
                     <system-out><![CDATA[]]></system-out>
                     <system-err><![CDATA[]]></system-err>
                   </testsuite>