<?xml version='1.0' encoding='UTF-8'?>
<testsuite hostname="DESKTOP-CGVLK5C" name="protocols.ProtocolsSuite" tests="14" errors="0" failures="1" skipped="0" time="2.052" timestamp="2020-12-05T23:58:35">
                     <properties>
      <property name="jline.esc.timeout" value="0"/><property name="java.runtime.name" value="Java(TM) SE Runtime Environment"/><property name="sun.boot.library.path" value="C:\Program Files (x86)\Java\jdk1.8.0_271\jre\bin"/><property name="java.vm.version" value="25.271-b09"/><property name="java.vm.vendor" value="Oracle Corporation"/><property name="java.vendor.url" value="http://java.oracle.com/"/><property name="path.separator" value=";"/><property name="jna.loaded" value="true"/><property name="java.vm.name" value="Java HotSpot(TM) Client VM"/><property name="file.encoding.pkg" value="sun.io"/><property name="user.country" value="US"/><property name="user.script" value=""/><property name="sun.java.launcher" value="SUN_STANDARD"/><property name="sun.os.patch.level" value=""/><property name="jna.nosys" value="true"/><property name="java.vm.specification.name" value="Java Virtual Machine Specification"/><property name="user.dir" value="C:\Users\lao8n\OneDrive\Documents\epfl edx scala\akka_typed_transactor"/><property name="java.runtime.version" value="1.8.0_271-b09"/><property name="java.awt.graphicsenv" value="sun.awt.Win32GraphicsEnvironment"/><property name="java.endorsed.dirs" value="C:\Program Files (x86)\Java\jdk1.8.0_271\jre\lib\endorsed"/><property name="os.arch" value="x86"/><property name="java.io.tmpdir" value="C:\Users\lao8n\AppData\Local\Temp\"/><property name="line.separator" value="
"/><property name="java.vm.specification.vendor" value="Oracle Corporation"/><property name="log4j.ignoreTCL" value="true"/><property name="user.variant" value=""/><property name="os.name" value="Windows 10"/><property name="sun.jnu.encoding" value="Cp1252"/><property name="jnidispatch.path" value="C:\Users\lao8n\AppData\Local\Temp\jna-102738512\jna3019052384543699712.dll"/><property name="java.library.path" value="C:\Program Files (x86)\Java\jdk1.8.0_271\bin;C:\WINDOWS\Sun\Java\bin;C:\WINDOWS\system32;C:\WINDOWS;C:\Program Files (x86)\Java\jdk1.8.0_271\bin;C:\WINDOWS\system32;C:\WINDOWS;C:\WINDOWS\System32\Wbem;C:\WINDOWS\System32\WindowsPowerShell\v1.0\;C:\WINDOWS\System32\OpenSSH\;C:\Program Files\Git\cmd;C:\Program Files (x86)\sbt\bin;C:\Users\lao8n\AppData\Local\Microsoft\WindowsApps;;C:\Users\lao8n\AppData\Local\Programs\Microsoft VS Code\bin;."/><property name="java.specification.name" value="Java Platform API Specification"/><property name="java.class.version" value="52.0"/><property name="sun.management.compiler" value="HotSpot Client Compiler"/><property name="os.version" value="10.0"/><property name="swoval.tmpdir" value="C:\Users\lao8n\.sbt\1.0"/><property name="user.home" value="C:\Users\lao8n"/><property name="user.timezone" value="Europe/London"/><property name="java.awt.printerjob" value="sun.awt.windows.WPrinterJob"/><property name="file.encoding" value="UTF-8"/><property name="java.specification.version" value="1.8"/><property name="java.class.path" value="C:\Program Files (x86)\sbt\\bin\sbt-launch.jar"/><property name="user.name" value="lao8n"/><property name="jline.shutdownhook" value="false"/><property name="java.vm.specification.version" value="1.8"/><property name="sun.java.command" value="xsbt.boot.Boot test"/><property name="java.home" value="C:\Program Files (x86)\Java\jdk1.8.0_271\jre"/><property name="sun.arch.data.model" value="32"/><property name="user.language" value="en"/><property name="java.specification.vendor" value="Oracle Corporation"/><property name="awt.toolkit" value="sun.awt.windows.WToolkit"/><property name="java.vm.info" value="mixed mode"/><property name="java.version" value="1.8.0_271"/><property name="java.ext.dirs" value="C:\Program Files (x86)\Java\jdk1.8.0_271\jre\lib\ext;C:\WINDOWS\Sun\Java\lib\ext"/><property name="sun.boot.class.path" value="C:\Program Files (x86)\Java\jdk1.8.0_271\jre\lib\resources.jar;C:\Program Files (x86)\Java\jdk1.8.0_271\jre\lib\rt.jar;C:\Program Files (x86)\Java\jdk1.8.0_271\jre\lib\sunrsasign.jar;C:\Program Files (x86)\Java\jdk1.8.0_271\jre\lib\jsse.jar;C:\Program Files (x86)\Java\jdk1.8.0_271\jre\lib\jce.jar;C:\Program Files (x86)\Java\jdk1.8.0_271\jre\lib\charsets.jar;C:\Program Files (x86)\Java\jdk1.8.0_271\jre\lib\jfr.jar;C:\Program Files (x86)\Java\jdk1.8.0_271\jre\classes"/><property name="java.vendor" value="Oracle Corporation"/><property name="sun.stderr.encoding" value="cp850"/><property name="file.separator" value="\"/><property name="java.vendor.url.bug" value="http://bugreport.sun.com/bugreport/"/><property name="sun.io.unicode.encoding" value="UnicodeLittle"/><property name="sun.cpu.endian" value="little"/><property name="sun.stdout.encoding" value="cp850"/><property name="sun.desktop" value="windows"/><property name="sun.cpu.isalist" value="pentium_pro+mmx pentium_pro pentium+mmx pentium i486 i386 i86"/>
    </properties>
                     <testcase classname="protocols.ProtocolsSuite" name="A Transactor must properly ignore stale termination notices" time="0.741">
                                                 
                                               </testcase><testcase classname="protocols.ProtocolsSuite" name="A Transactor must commit" time="0.073">
                                                 
                                               </testcase><testcase classname="protocols.ProtocolsSuite" name="A Transactor must have idempotent modifications" time="0.013">
                                                 
                                               </testcase><testcase classname="protocols.ProtocolsSuite" name="A Transactor must compute" time="0.848">
                                                 
                                               </testcase><testcase classname="protocols.ProtocolsSuite" name="A SelectiveReceive Decorator must try in receive order" time="0.012">
                                                 
                                               </testcase><testcase classname="protocols.ProtocolsSuite" name="A SelectiveReceive Decorator must still stash unhandled messages after some messages have been handled" time="0.008">
                                                 
                                               </testcase><testcase classname="protocols.ProtocolsSuite" name="A SelectiveReceive Decorator must overflow (size 0)" time="0.02">
                                                 
                                               </testcase><testcase classname="protocols.ProtocolsSuite" name="A Transactor must rollback" time="0.036">
                                                 
                                               </testcase><testcase classname="protocols.ProtocolsSuite" name="A SelectiveReceive Decorator must eventually execute the behavior" time="0.272">
                                                 
                                               </testcase><testcase classname="protocols.ProtocolsSuite" name="A SelectiveReceive Decorator must tolerate worst-case sorting" time="0.005">
                                                 
                                               </testcase><testcase classname="protocols.ProtocolsSuite" name="A Transactor must timeout" time="0.008">
                                                 <failure message="java.lang.AssertionError: expected:&lt;List(2)&gt; but was:&lt;List()&gt;" type="sbt.ForkMain$ForkError">sbt.ForkMain$ForkError: java.lang.AssertionError: expected:&lt;List(2)&gt; but was:&lt;List()&gt;
	at org.junit.Assert.fail(Assert.java:88)
	at org.junit.Assert.failNotEquals(Assert.java:743)
	at org.junit.Assert.assertEquals(Assert.java:118)
	at org.junit.Assert.assertEquals(Assert.java:144)
	at protocols.TransactorSpec.A$u0020Transactor$u0020must$u0020timeout(TransactorSpec.scala:197)
	at protocols.TransactorSpec.A$u0020Transactor$u0020must$u0020timeout$(TransactorSpec.scala:170)
	at protocols.ProtocolsSuite.A$u0020Transactor$u0020must$u0020timeout(ProtocolsSuite.scala:6)
	at sun.reflect.NativeMethodAccessorImpl.invoke0(Native Method)
	at sun.reflect.NativeMethodAccessorImpl.invoke(NativeMethodAccessorImpl.java:62)
	at sun.reflect.DelegatingMethodAccessorImpl.invoke(DelegatingMethodAccessorImpl.java:43)
	at java.lang.reflect.Method.invoke(Method.java:498)
	at org.junit.runners.model.FrameworkMethod$1.runReflectiveCall(FrameworkMethod.java:47)
	at org.junit.internal.runners.model.ReflectiveCallable.run(ReflectiveCallable.java:12)
	at org.junit.runners.model.FrameworkMethod.invokeExplosively(FrameworkMethod.java:44)
	at org.junit.internal.runners.statements.InvokeMethod.evaluate(InvokeMethod.java:17)
	at org.junit.runners.ParentRunner.runLeaf(ParentRunner.java:271)
	at org.junit.runners.BlockJUnit4ClassRunner.runChild(BlockJUnit4ClassRunner.java:70)
	at org.junit.runners.BlockJUnit4ClassRunner.runChild(BlockJUnit4ClassRunner.java:50)
	at org.junit.runners.ParentRunner$3.run(ParentRunner.java:238)
	at org.junit.runners.ParentRunner$1.schedule(ParentRunner.java:63)
	at org.junit.runners.ParentRunner.runChildren(ParentRunner.java:236)
	at org.junit.runners.ParentRunner.access$000(ParentRunner.java:53)
	at org.junit.runners.ParentRunner$2.evaluate(ParentRunner.java:229)
	at org.junit.runners.ParentRunner.run(ParentRunner.java:309)
	at org.junit.runners.Suite.runChild(Suite.java:127)
	at org.junit.runners.Suite.runChild(Suite.java:26)
	at org.junit.runners.ParentRunner$3.run(ParentRunner.java:238)
	at org.junit.runners.ParentRunner$1.schedule(ParentRunner.java:63)
	at org.junit.runners.ParentRunner.runChildren(ParentRunner.java:236)
	at org.junit.runners.ParentRunner.access$000(ParentRunner.java:53)
	at org.junit.runners.ParentRunner$2.evaluate(ParentRunner.java:229)
	at org.junit.runners.ParentRunner.run(ParentRunner.java:309)
	at org.junit.runner.JUnitCore.run(JUnitCore.java:160)
	at org.junit.runner.JUnitCore.run(JUnitCore.java:138)
	at com.novocode.junit.JUnitRunner$1.execute(JUnitRunner.java:132)
	at sbt.ForkMain$Run.lambda$runTest$1(ForkMain.java:304)
	at java.util.concurrent.FutureTask.run(FutureTask.java:266)
	at java.util.concurrent.ThreadPoolExecutor.runWorker(ThreadPoolExecutor.java:1149)
	at java.util.concurrent.ThreadPoolExecutor$Worker.run(ThreadPoolExecutor.java:624)
	at java.lang.Thread.run(Thread.java:748)
</failure>
                                               </testcase><testcase classname="protocols.ProtocolsSuite" name="A SelectiveReceive Decorator must overflow (size 1)" time="0.0">
                                                 
                                               </testcase><testcase classname="protocols.ProtocolsSuite" name="A SelectiveReceive Decorator must restart retrying at the head of the queue" time="0.008">
                                                 
                                               </testcase><testcase classname="protocols.ProtocolsSuite" name="A Transactor must ignore new sessions while in a session" time="0.008">
                                                 
                                               </testcase>
                     <system-out><![CDATA[]]></system-out>
                     <system-err><![CDATA[]]></system-err>
                   </testsuite>